recebi um abort
recebi um change and changeReceived == false
recebi um abort
recebi um change and changeReceived == false
recebi um commit
commitDataModification
recebi um abort
recebi um change and changeReceived == false
recebi um commit
commitDataModification
recebi um change and changeReceived == false
recebi um change and changeReceived == true
recebi um abort
recebi um change and changeReceived == false
recebi um abort
recebi um change and changeReceived == false
recebi um change and changeReceived == true
recebi um abort
recebi um change and changeReceived == false
recebi um abort
recebi um abort
recebi um change and changeReceived == false
recebi um change and changeReceived == true
recebi um abort
recebi um abort
recebi um change and changeReceived == false
recebi um abort
recebi um change and changeReceived == false
recebi um change and changeReceived == true
recebi um abort
recebi um change and changeReceived == false
recebi um abort
recebi um abort
recebi um change and changeReceived == false
recebi um change and changeReceived == true
recebi um abort
recebi um change and changeReceived == false
recebi um abort
recebi um abort
recebi um change and changeReceived == false
recebi um change and changeReceived == true
recebi um abort
recebi um abort
recebi um change and changeReceived == false
recebi um change and changeReceived == true
recebi um abort
recebi um abort
recebi um change and changeReceived == false
recebi um change and changeReceived == true
recebi um abort
recebi um abort
recebi um change and changeReceived == false
recebi um abort
recebi um change and changeReceived == false
recebi um abort
recebi um change and changeReceived == false
recebi um abort
recebi um change and changeReceived == false
recebi um abort
recebi um change and changeReceived == false
recebi um abort
recebi um change and changeReceived == false
recebi um change and changeReceived == true
recebi um abort
recebi um abort
recebi um change and changeReceived == false
recebi um change and changeReceived == true
recebi um abort
recebi um abort
recebi um change and changeReceived == false
recebi um change and changeReceived == true
recebi um abort
recebi um abort
recebi um change and changeReceived == false
recebi um abort
recebi um change and changeReceived == false
recebi um abort
recebi um change and changeReceived == false
recebi um abort
recebi um change and changeReceived == false
recebi um abort
recebi um change and changeReceived == false
recebi um abort
recebi um change and changeReceived == false
recebi um change and changeReceived == true
recebi um abort
recebi um abort
recebi um change and changeReceived == false
recebi um change and changeReceived == true
recebi um abort
recebi um abort
recebi um change and changeReceived == false
recebi um change and changeReceived == true
recebi um abort
recebi um abort
recebi um change and changeReceived == false
recebi um abort
recebi um change and changeReceived == false
recebi um abort
recebi um change and changeReceived == false
recebi um abort
recebi um change and changeReceived == false
recebi um abort
recebi um change and changeReceived == false
recebi um abort
recebi um change and changeReceived == false
recebi um change and changeReceived == true
recebi um abort
recebi um abort
recebi um change and changeReceived == false
recebi um change and changeReceived == true
recebi um abort
recebi um abort
recebi um change and changeReceived == false
recebi um change and changeReceived == true
recebi um abort
recebi um end_communication
recebi um change and changeReceived == false
recebi um abort
recebi um change and changeReceived == false
recebi um abort
recebi um change and changeReceived == false
recebi um change and changeReceived == true
recebi um abort
recebi um change and changeReceived == false
recebi um abort
recebi um change and changeReceived == false
recebi um abort
recebi um change and changeReceived == false
recebi um change and changeReceived == true
recebi um abort
recebi um change and changeReceived == false
recebi um abort
recebi um change and changeReceived == false
recebi um abort
recebi um change and changeReceived == false
recebi um change and changeReceived == true
recebi um abort
recebi um change and changeReceived == false
recebi um abort
recebi um change and changeReceived == false
recebi um abort
recebi um change and changeReceived == false
recebi um change and changeReceived == true
recebi um abort
recebi um change and changeReceived == false
recebi um abort
recebi um change and changeReceived == false
recebi um abort
recebi um change and changeReceived == false
recebi um change and changeReceived == true
recebi um abort
recebi um change and changeReceived == false
recebi um abort
recebi um change and changeReceived == false
recebi um abort
recebi um change and changeReceived == false
recebi um change and changeReceived == true
recebi um abort
recebi um change and changeReceived == false
recebi um abort
recebi um change and changeReceived == false
recebi um end_communication
recebi um change and changeReceived == true
recebi um abort
recebi um change and changeReceived == false
recebi um abort
recebi um change and changeReceived == false
recebi um abort
recebi um change and changeReceived == false
recebi um change and changeReceived == true
recebi um abort
recebi um change and changeReceived == false
recebi um abort
recebi um change and changeReceived == false
recebi um end_communication
entrei no checkEndOfCommunication e vou matar o servidor!

